{
    "is_compile": false,
    "is_pass": false,
    "execution_time": 5.790647268295288,
    "err_log": "\nRunning ant (compile)...................................................... FAIL\nExecuted command:  cd /4tb/dowon/PRISM_evaluation/d4j_projects/Closure133b && /home/dowon/d4j/d4j-2.0/major/bin/ant -f /home/dowon/d4j/d4j-2.0/framework/projects/defects4j.build.xml -Dd4j.home=/home/dowon/d4j/d4j-2.0 -Dd4j.dir.projects=/home/dowon/d4j/d4j-2.0/framework/projects -Dbasedir=/4tb/dowon/PRISM_evaluation/d4j_projects/Closure133b -Dbuild.compiler=javac1.7  compile 2>&1\nBuildfile: /home/dowon/d4j/d4j-2.0/framework/projects/defects4j.build.xml\n\nrhino:\n\nproperties:\n\ninit:\n    [mkdir] Created dir: /4tb/dowon/PRISM_evaluation/d4j_projects/Closure133b/build/lib\n    [mkdir] Created dir: /4tb/dowon/PRISM_evaluation/d4j_projects/Closure133b/build/lib/classes\n    [mkdir] Created dir: /4tb/dowon/PRISM_evaluation/d4j_projects/Closure133b/build/lib/rhino1_7R5pre\n\ncompile:\n\ncompile-most:\n    [javac] Compiling 217 source files to /4tb/dowon/PRISM_evaluation/d4j_projects/Closure133b/build/lib/classes\n    [javac] warning: [options] bootstrap class path not set in conjunction with -source 1.5\n    [javac] warning: [options] source value 1.5 is obsolete and will be removed in a future release\n    [javac] warning: [options] target value 1.5 is obsolete and will be removed in a future release\n    [javac] warning: [options] To suppress warnings about obsolete options, use -Xlint:-options.\n    [javac] Note: /4tb/dowon/PRISM_evaluation/d4j_projects/Closure133b/lib/rhino/src/org/mozilla/javascript/commonjs/module/provider/SoftCachingModuleScriptProvider.java uses unchecked or unsafe operations.\n    [javac] Note: Recompile with -Xlint:unchecked for details.\n    [javac] 4 warnings\n     [copy] Copying 2 files to /4tb/dowon/PRISM_evaluation/d4j_projects/Closure133b/build/lib/classes\n\ncompile-jdk15:\n    [javac] Compiling 1 source file to /4tb/dowon/PRISM_evaluation/d4j_projects/Closure133b/build/lib/classes\n    [javac] warning: [options] bootstrap class path not set in conjunction with -source 1.5\n    [javac] warning: [options] source value 1.5 is obsolete and will be removed in a future release\n    [javac] warning: [options] target value 1.5 is obsolete and will be removed in a future release\n    [javac] warning: [options] To suppress warnings about obsolete options, use -Xlint:-options.\n    [javac] 4 warnings\n\ncompile:\n\nproperties:\n\ncompile:\n    [javac] Compiling 29 source files to /4tb/dowon/PRISM_evaluation/d4j_projects/Closure133b/build/lib/classes\n    [javac] warning: [options] bootstrap class path not set in conjunction with -source 1.5\n    [javac] warning: [options] source value 1.5 is obsolete and will be removed in a future release\n    [javac] warning: [options] target value 1.5 is obsolete and will be removed in a future release\n    [javac] warning: [options] To suppress warnings about obsolete options, use -Xlint:-options.\n    [javac] Note: /4tb/dowon/PRISM_evaluation/d4j_projects/Closure133b/lib/rhino/toolsrc/org/mozilla/javascript/tools/debugger/SwingGui.java uses unchecked or unsafe operations.\n    [javac] Note: Recompile with -Xlint:unchecked for details.\n    [javac] 4 warnings\n     [copy] Copying 1 file to /4tb/dowon/PRISM_evaluation/d4j_projects/Closure133b/build/lib/classes\n\nxmlimplsrc-compile:\n     [echo] Calling /4tb/dowon/PRISM_evaluation/d4j_projects/Closure133b/lib/rhino/xmlimplsrc/build.xml\n\ncompile:\n\ncompile-all:\n\ncompile:\n    [javac] Compiling 3 source files to /4tb/dowon/PRISM_evaluation/d4j_projects/Closure133b/build/lib/classes\n    [javac] warning: [options] bootstrap class path not set in conjunction with -source 1.5\n    [javac] warning: [options] source value 1.5 is obsolete and will be removed in a future release\n    [javac] warning: [options] target value 1.5 is obsolete and will be removed in a future release\n    [javac] warning: [options] To suppress warnings about obsolete options, use -Xlint:-options.\n    [javac] 4 warnings\n\njar:\n     [copy] Copying 1 file to /4tb/dowon/PRISM_evaluation/d4j_projects/Closure133b/build/lib/classes\n      [jar] Building jar: /4tb/dowon/PRISM_evaluation/d4j_projects/Closure133b/build/lib/rhino1_7R5pre/js.jar\n\nrhino-jarjar:\n   [jarjar] Building jar: /4tb/dowon/PRISM_evaluation/d4j_projects/Closure133b/build/lib/rhino.jar\n\nsvnversion:\n\ncompile:\n    [mkdir] Created dir: /4tb/dowon/PRISM_evaluation/d4j_projects/Closure133b/build/classes\n    [javac] /4tb/dowon/PRISM_evaluation/d4j_projects/Closure133b/build.xml:255: warning: 'includeantruntime' was not set, defaulting to build.sysclasspath=last; set to false for repeatable builds\n    [javac] Compiling 7 source files to /4tb/dowon/PRISM_evaluation/d4j_projects/Closure133b/build/classes\n    [javac] warning: [options] bootstrap class path not set in conjunction with -source 1.6\n    [javac] 1 warning\n    [javac] /4tb/dowon/PRISM_evaluation/d4j_projects/Closure133b/build.xml:261: warning: 'includeantruntime' was not set, defaulting to build.sysclasspath=last; set to false for repeatable builds\n    [javac] Compiling 391 source files to /4tb/dowon/PRISM_evaluation/d4j_projects/Closure133b/build/classes\n    [javac] warning: [options] bootstrap class path not set in conjunction with -source 1.6\n    [javac] /4tb/dowon/PRISM_evaluation/d4j_projects/Closure133b/src/com/google/javascript/jscomp/parsing/IRFactory.java:259: error: cannot access JsDocInfoParser\n    [javac]       JsDocInfoParser jsDocParser) {\n    [javac]       ^\n    [javac]   bad source file: /4tb/dowon/PRISM_evaluation/d4j_projects/Closure133b/src/com/google/javascript/jscomp/parsing/JsDocInfoParser.java\n    [javac]     file does not contain class com.google.javascript.jscomp.parsing.JsDocInfoParser\n    [javac]     Please remove or make sure it appears in the correct subdirectory of the sourcepath.\n\nBUILD FAILED\n/4tb/dowon/PRISM_evaluation/d4j_projects/Closure133b/build.xml:261: Compile failed; see the compiler error output for details.\n\nTotal time: 5 seconds\nCannot compile sources! at /home/dowon/d4j/d4j-2.0/framework/bin/d4j/d4j-compile line 82.\nCompilation failed in require at /home/dowon/d4j/d4j-2.0/framework/bin/defects4j line 195.\n"
}